Using pre-set license
Built from '2020.3/release' branch; Version is '2020.3.1f1 (77a89f25062f) revision 7841951'; Using compiler version '192528614'; Build Type 'Release'
OS: 'Windows 10 Home; OS build 19042.867; Version 2009; 64bit' Language: 'en' Physical Memory: 15789 MB
BatchMode: 1, IsHumanControllingUs: 0, StartBugReporterOnCrash: 0, Is64bit: 1, IsPro: 0

 COMMAND LINE ARGUMENTS:
C:\Program Files\Unity\Hub\Editor\2020.3.1f1\Editor\Unity.exe
-adb2
-batchMode
-noUpm
-name
AssetImportWorker0
-projectPath
C:/Users/Athena/Desktop/ICHack APlant
-logFile
Logs/AssetImportWorker0.log
-srvPort
55336
Successfully changed project path to: C:/Users/Athena/Desktop/ICHack APlant
C:/Users/Athena/Desktop/ICHack APlant
Using Asset Import Pipeline V2.
Refreshing native plugins compatible for Editor in 117.01 ms, found 1 plugins.
Preloading 0 native plugins for Editor in 0.00 ms.
Initialize engine version: 2020.3.1f1 (77a89f25062f)
[Subsystems] Discovering subsystems at path C:/Program Files/Unity/Hub/Editor/2020.3.1f1/Editor/Data/Resources/UnitySubsystems
[Subsystems] Discovering subsystems at path C:/Users/Athena/Desktop/ICHack APlant/Assets
GfxDevice: creating device client; threaded=0
Direct3D:
    Version:  Direct3D 11.0 [level 11.1]
    Renderer: NVIDIA GeForce RTX 2060 with Max-Q Design (ID=0x1f12)
    Vendor:   
    VRAM:     5980 MB
    Driver:   27.21.14.5763
Initialize mono
Mono path[0] = 'C:/Program Files/Unity/Hub/Editor/2020.3.1f1/Editor/Data/Managed'
Mono path[1] = 'C:/Program Files/Unity/Hub/Editor/2020.3.1f1/Editor/Data/MonoBleedingEdge/lib/mono/unityjit'
Mono config path = 'C:/Program Files/Unity/Hub/Editor/2020.3.1f1/Editor/Data/MonoBleedingEdge/etc'
Using monoOptions --debugger-agent=transport=dt_socket,embedding=1,server=y,suspend=n,address=127.0.0.1:56812
Begin MonoManager ReloadAssembly
Registering precompiled unity dll's ...
Register platform support module: C:/Program Files/Unity/Hub/Editor/2020.3.1f1/Editor/Data/PlaybackEngines/WebGLSupport/UnityEditor.WebGL.Extensions.dll
Register platform support module: C:/Program Files/Unity/Hub/Editor/2020.3.1f1/Editor/Data/PlaybackEngines/WindowsStandaloneSupport/UnityEditor.WindowsStandalone.Extensions.dll
Registered in 0.003062 seconds.
Native extension for WindowsStandalone target not found
Native extension for WebGL target not found
Refreshing native plugins compatible for Editor in 110.48 ms, found 1 plugins.
Preloading 0 native plugins for Editor in 0.00 ms.
Invoked RoslynAnalysisRunner static constructor.
RoslynAnalysisRunner will not be running.
RoslynAnalysisRunner has terminated.
Mono: successfully reloaded assembly
- Completed reload, in  2.332 seconds
Platform modules already initialized, skipping
Registering precompiled user dll's ...
Registered in 0.008792 seconds.
Begin MonoManager ReloadAssembly
Native extension for WindowsStandalone target not found
Native extension for WebGL target not found
Refreshing native plugins compatible for Editor in 118.60 ms, found 1 plugins.
Preloading 0 native plugins for Editor in 0.00 ms.
Invoked RoslynAnalysisRunner static constructor.
RoslynAnalysisRunner will not be running.
RoslynAnalysisRunner has terminated.
Find all reader and writers took 227 milliseconds
Script Module: UnityEngine.UI.dll
Weave behaviours and messages took130 milliseconds
Find all reader and writers took 174 milliseconds
Script Module: UnityEngine.TestRunner.dll
Weave behaviours and messages took52 milliseconds
Find all reader and writers took 186 milliseconds
Script Module: Unity.Mathematics.dll
Weave behaviours and messages took328 milliseconds
Find all reader and writers took 161 milliseconds
Script Module: Unity.2D.Animation.Triangle.Runtime.dll
Weave behaviours and messages took69 milliseconds
Find all reader and writers took 174 milliseconds
Script Module: Assembly-CSharp.dll
Weave behaviours and messages took48 milliseconds
Find all reader and writers took 187 milliseconds
Script Module: SimpleWebTransport.dll
Weave behaviours and messages took14 milliseconds
Find all reader and writers took 196 milliseconds
Script Module: Unity.Timeline.dll
Weave behaviours and messages took65 milliseconds
Find all reader and writers took 197 milliseconds
Script Module: Mirror.Examples.dll
[Projectile] NetworkBehaviourProcessor
[Tank] NetworkBehaviourProcessor
[NetworkRoomPlayer] NetworkBehaviourProcessor
[NetworkRoomPlayerExt] NetworkBehaviourProcessor
[PlayerController] NetworkBehaviourProcessor
[PlayerScore] NetworkBehaviourProcessor
[RandomColor] NetworkBehaviourProcessor
[Reward] NetworkBehaviourProcessor
[AddForce] NetworkBehaviourProcessor
[Ball] NetworkBehaviourProcessor
[Player] NetworkBehaviourProcessor
[MatchController] NetworkBehaviourProcessor
[PhysicsCollision] NetworkBehaviourProcessor
[PlayerController] NetworkBehaviourProcessor
[PlayerScore] NetworkBehaviourProcessor
[RandomColor] NetworkBehaviourProcessor
[Reward] NetworkBehaviourProcessor
[Player] NetworkBehaviourProcessor
[MonsterMovement] NetworkBehaviourProcessor
[PlayerMovement] NetworkBehaviourProcessor
[Player] NetworkBehaviourProcessor
[PlayerController] NetworkBehaviourProcessor
[RandomColor] NetworkBehaviourProcessor
[ShootingTankBehaviour] NetworkBehaviourProcessor
Weave behaviours and messages took48 milliseconds
  ProcessSitesModule Mirror.Examples.dll elapsed time:00:00:00.0209999
Find all reader and writers took 170 milliseconds
Script Module: Mirror.Components.dll
[NetworkAnimator] NetworkBehaviourProcessor
[NetworkRoomPlayer] NetworkBehaviourProcessor
[NetworkLobbyPlayer] NetworkBehaviourProcessor
[NetworkVisibility] NetworkBehaviourProcessor
[NetworkVisibility] Found NetworkBehaviour Mirror.NetworkVisibility
[NetworkVisibility] Process Start
[NetworkVisibility]   GenerateSerialization
[NetworkVisibility]   GenerateDeSerialization
[NetworkVisibility] Process Done
[NetworkMatchChecker] NetworkBehaviourProcessor
[NetworkVisibility] NetworkBehaviourProcessor
[NetworkOwnerChecker] NetworkBehaviourProcessor
[NetworkVisibility] NetworkBehaviourProcessor
[NetworkProximityChecker] NetworkBehaviourProcessor
[NetworkRoomPlayer] NetworkBehaviourProcessor
[NetworkVisibility] NetworkBehaviourProcessor
[NetworkSceneChecker] NetworkBehaviourProcessor
[NetworkTransformBase] NetworkBehaviourProcessor
[NetworkTransform] NetworkBehaviourProcessor
[NetworkTransformBase] NetworkBehaviourProcessor
[NetworkTransformBase] NetworkBehaviourProcessor
[NetworkTransformChild] NetworkBehaviourProcessor
[NetworkLerpRigidbody] NetworkBehaviourProcessor
[NetworkRigidbody] NetworkBehaviourProcessor
[NetworkRigidbody2D] NetworkBehaviourProcessor
[NetworkTransformBase] NetworkBehaviourProcessor
[NetworkTransform] NetworkBehaviourProcessor
[NetworkTransformBase] NetworkBehaviourProcessor
[NetworkTransformBase] NetworkBehaviourProcessor
[NetworkTransformChild] NetworkBehaviourProcessor
Weave behaviours and messages took42 milliseconds
  ProcessSitesModule Mirror.Components.dll elapsed time:00:00:00.0019969
Find all reader and writers took 183 milliseconds
Script Module: Mirror.Tests.Common.dll
Weave behaviours and messages took8 milliseconds
Find all reader and writers took 223 milliseconds
Script Module: Unity.TextMeshPro.dll
Weave behaviours and messages took222 milliseconds
Find all reader and writers took 186 milliseconds
Script Module: Unity.2D.Animation.Runtime.dll
Weave behaviours and messages took17 milliseconds
Find all reader and writers took 194 milliseconds
Script Module: Unity.2D.IK.Runtime.dll
Weave behaviours and messages took6 milliseconds
Find all reader and writers took 198 milliseconds
Script Module: Mirror.Tests.Runtime.dll
Weave behaviours and messages took15 milliseconds
Find all reader and writers took 198 milliseconds
Script Module: Unity.2D.SpriteShape.Runtime.dll
Weave behaviours and messages took49 milliseconds
Find all reader and writers took 185 milliseconds
Script Module: Telepathy.dll
Weave behaviours and messages took5 milliseconds
Find all reader and writers took 192 milliseconds
Script Module: Mirror.Authenticators.dll
Weave behaviours and messages took11 milliseconds
  ProcessSitesModule Mirror.Authenticators.dll elapsed time:00:00:00.0010266
Find all reader and writers took 188 milliseconds
Script Module: kcp2k.dll
Weave behaviours and messages took8 milliseconds
Find all reader and writers took 193 milliseconds
Script Module: Unity.2D.PixelPerfect.dll
Weave behaviours and messages took2 milliseconds
Find all reader and writers took 198 milliseconds
Script Module: Mirror.Examples.Cloud.GUI.dll
Weave behaviours and messages took7 milliseconds
Find all reader and writers took 171 milliseconds
Script Module: Mirror.Cloud.dll
Weave behaviours and messages took5 milliseconds
Find all reader and writers took 196 milliseconds
Script Module: Mirror.Examples.Cloud.Pong.dll
[Ball] NetworkBehaviourProcessor
[BallManager] NetworkBehaviourProcessor
[Player] NetworkBehaviourProcessor
Weave behaviours and messages took7 milliseconds
  ProcessSitesModule Mirror.Examples.Cloud.Pong.dll elapsed time:00:00:00.0009999
Find all reader and writers took 187 milliseconds
Script Module: Unity.2D.Common.Runtime.dll
Weave behaviours and messages took0 milliseconds
Find all reader and writers took 182 milliseconds
Script Module: Unity.InternalAPIEngineBridge.001.dll
Weave behaviours and messages took0 milliseconds
Find all reader and writers took 192 milliseconds
Script Module: Mirror.Tests.Performance.Runtime.dll
Weave behaviours and messages took0 milliseconds
Find all reader and writers took 253 milliseconds
Script Module: UnityEditor.TestRunner.dll
Weave behaviours and messages took98 milliseconds
Find all reader and writers took 205 milliseconds
Script Module: UnityEditor.UI.dll
Weave behaviours and messages took20 milliseconds
Find all reader and writers took 86 milliseconds
Script Module: PsdPlugin.dll
Weave behaviours and messages took20 milliseconds
Find all reader and writers took 113 milliseconds
Script Module: Mirror.Tests.dll
[EmptyBehaviour] NetworkBehaviourProcessor
[SyncVarGameObjectEqualExposedBehaviour] NetworkBehaviourProcessor
[SyncVarNetworkIdentityEqualExposedBehaviour] NetworkBehaviourProcessor
[NetworkBehaviourSendCommandInternalComponent] NetworkBehaviourProcessor
[NetworkBehaviourSendRPCInternalComponent] NetworkBehaviourProcessor
[NetworkBehaviourSendTargetRPCInternalComponent] NetworkBehaviourProcessor
[NetworkBehaviourDelegateComponent] NetworkBehaviourProcessor
[NetworkBehaviourSetSyncVarGameObjectComponent] NetworkBehaviourProcessor
[NetworkBehaviourGetSyncVarGameObjectComponent] NetworkBehaviourProcessor
[NetworkBehaviourSetSyncVarNetworkIdentityComponent] NetworkBehaviourProcessor
[NetworkBehaviourGetSyncVarNetworkIdentityComponent] NetworkBehaviourProcessor
[NetworkBehaviourInitSyncObjectExposed] NetworkBehaviourProcessor
[OnStopClientComponent] NetworkBehaviourProcessor
[OnStartClientComponent] NetworkBehaviourProcessor
[OnStartLocalPlayerComponent] NetworkBehaviourProcessor
[NetworkBehaviourHookGuardTester] NetworkBehaviourProcessor
[NetworkBehaviourInitSyncObjectTester] NetworkBehaviourProcessor
[CommandTestNetworkBehaviour] NetworkBehaviourProcessor
[RpcTestNetworkBehaviour] NetworkBehaviourProcessor
[OnStartClientTestNetworkBehaviour] NetworkBehaviourProcessor
[OnStopClientTestNetworkBehaviour] NetworkBehaviourProcessor
[TestObjectBehaviour] NetworkBehaviourProcessor
[TestPlayerBehaviour] NetworkBehaviourProcessor
[HookBehaviour] NetworkBehaviourProcessor
[GameObjectHookBehaviour] NetworkBehaviourProcessor
[NetworkIdentityHookBehaviour] NetworkBehaviourProcessor
[NetworkBehaviourHookBehaviour] NetworkBehaviourProcessor
[StaticHookBehaviour] NetworkBehaviourProcessor
[VirtualHookBase] NetworkBehaviourProcessor
[VirtualHookBase] NetworkBehaviourProcessor
[VirtualOverrideHook] NetworkBehaviourProcessor
[AbstractHookBase] NetworkBehaviourProcessor
[AbstractHookBase] NetworkBehaviourProcessor
[AbstractHook] NetworkBehaviourProcessor
[MockPlayer] NetworkBehaviourProcessor
[SyncVarGameObject] NetworkBehaviourProcessor
[SyncVarNetworkIdentity] NetworkBehaviourProcessor
[SyncVarTransform] NetworkBehaviourProcessor
[SyncVarNetworkBehaviour] NetworkBehaviourProcessor
[AbstractBehaviour] NetworkBehaviourProcessor
[BehaviourWithSyncVar] NetworkBehaviourProcessor
[AbstractBehaviour] NetworkBehaviourProcessor
[OverrideBehaviourFromSyncVar] NetworkBehaviourProcessor
[AbstractBehaviour] NetworkBehaviourProcessor
[OverrideBehaviourWithSyncVarFromSyncVar] NetworkBehaviourProcessor
[AbstractBehaviour] NetworkBehaviourProcessor
[MiddleClass] NetworkBehaviourProcessor
[AbstractBehaviour] NetworkBehaviourProcessor
[MiddleClass] NetworkBehaviourProcessor
[SubClass] NetworkBehaviourProcessor
[AbstractBehaviour] NetworkBehaviourProcessor
[MiddleClassWithSyncVar] NetworkBehaviourProcessor
[AbstractBehaviour] NetworkBehaviourProcessor
[MiddleClassWithSyncVar] NetworkBehaviourProcessor
[SubClassFromSyncVar] NetworkBehaviourProcessor
[BehaviourWithSyncVarWithOnSerialize] NetworkBehaviourProcessor
[AbstractBehaviour] NetworkBehaviourProcessor
[OverrideBehaviourFromSyncVarWithOnSerialize] NetworkBehaviourProcessor
[AbstractBehaviour] NetworkBehaviourProcessor
[OverrideBehaviourWithSyncVarFromSyncVarWithOnSerialize] NetworkBehaviourProcessor
[AttributeBehaviour_NetworkBehaviour] NetworkBehaviourProcessor
[DataSenderBehaviour] NetworkBehaviourProcessor
[PayloadTestBehaviour] NetworkBehaviourProcessor
[BehaviourWithEvents] NetworkBehaviourProcessor
[VirtualClientRpc] NetworkBehaviourProcessor
[VirtualClientRpc] NetworkBehaviourProcessor
[VirtualNoOverrideClientRpc] NetworkBehaviourProcessor
[VirtualClientRpc] NetworkBehaviourProcessor
[VirtualOverrideClientRpc] NetworkBehaviourProcessor
[VirtualClientRpc] NetworkBehaviourProcessor
[VirtualOverrideClientRpcWithBase] NetworkBehaviourProcessor
[ClientRpcBehaviour] NetworkBehaviourProcessor
[ExcludeOwnerBehaviour] NetworkBehaviourProcessor
[VirtualCommand] NetworkBehaviourProcessor
[VirtualCommand] NetworkBehaviourProcessor
[VirtualNoOverrideCommand] NetworkBehaviourProcessor
[VirtualCommand] NetworkBehaviourProcessor
[VirtualOverrideCommand] NetworkBehaviourProcessor
[VirtualCommand] NetworkBehaviourProcessor
[VirtualOverrideCommandWithBase] NetworkBehaviourProcessor
[VirtualCommand] NetworkBehaviourProcessor
[VirtualOverrideCommandWithBase] NetworkBehaviourProcessor
[VirtualOverrideCommandWithBase2] NetworkBehaviourProcessor
[AuthorityBehaviour] NetworkBehaviourProcessor
[IgnoreAuthorityBehaviour] NetworkBehaviourProcessor
[SenderConnectionBehaviour] NetworkBehaviourProcessor
[SenderConnectionIgnoreAuthorityBehaviour] NetworkBehaviourProcessor
[ThrowBehaviour] NetworkBehaviourProcessor
[RpcNetworkIdentityBehaviour] NetworkBehaviourProcessor
[VirtualTargetRpc] NetworkBehaviourProcessor
[VirtualTargetRpc] NetworkBehaviourProcessor
[VirtualNoOverrideTargetRpc] NetworkBehaviourProcessor
[VirtualTargetRpc] NetworkBehaviourProcessor
[VirtualOverrideTargetRpc] NetworkBehaviourProcessor
[VirtualTargetRpc] NetworkBehaviourProcessor
[VirtualOverrideTargetRpcWithBase] NetworkBehaviourProcessor
[TargetRpcBehaviour] NetworkBehaviourProcessor
Weave behaviours and messages took105 milliseconds
  ProcessSitesModule Mirror.Tests.dll elapsed time:00:00:00.0049996
Find all reader and writers took 177 milliseconds
Script Module: WeaverTestExtraAssembly.dll
Weave behaviours and messages took9 milliseconds
  ProcessSitesModule WeaverTestExtraAssembly.dll elapsed time:00:00:00.0010005
Find all reader and writers took 175 milliseconds
Script Module: Mirror.CompilerSymbols.dll
Weave behaviours and messages took0 milliseconds
Find all reader and writers took 244 milliseconds
Script Module: Unity.InternalAPIEditorBridge.001.dll
Weave behaviours and messages took2 milliseconds
Mono: successfully reloaded assembly
- Completed reload, in 20.452 seconds
Platform modules already initialized, skipping
========================================================================
Worker process is ready to serve import requests
Launched and connected shader compiler UnityShaderCompiler.exe after 0.10 seconds
Refreshing native plugins compatible for Editor in 1.06 ms, found 1 plugins.
Preloading 0 native plugins for Editor in 0.00 ms.
Unloading 2241 Unused Serialized files (Serialized files now loaded: 0)
System memory in use before: 99.0 MB.
System memory in use after: 99.1 MB.

Unloading 27 unused Assets to reduce memory usage. Loaded Objects now: 2682.
Total: 7.866800 ms (FindLiveObjects: 0.420600 ms CreateObjectMapping: 0.148900 ms MarkObjects: 7.120800 ms  DeleteObjects: 0.172900 ms)

========================================================================
Received Import Request.
  path: Assets/TextMesh Pro/Examples & Extras/Resources/Fonts & Materials/Electronic Highway Sign SDF.asset
  artifactKey: Guid(dc36b3fdc14f47ebb36fd484a67e268a) Importer(815301076,1909f56bfc062723c751e8b465ee728b)
Start importing Assets/TextMesh Pro/Examples & Extras/Resources/Fonts & Materials/Electronic Highway Sign SDF.asset using Guid(dc36b3fdc14f47ebb36fd484a67e268a) Importer(815301076,1909f56bfc062723c751e8b465ee728b)  -> (artifact id: '827a2bd818baeef34cb749f9ecff5084') in 0.339968 seconds
  Import took 0.348096 seconds .

========================================================================
Received Import Request.
  Time since last request: 261.601469 seconds.
  path: Assets/Scenes/Menu.unity
  artifactKey: Guid(e70a2e1e0edeee34880518f0cc52a1b1) Importer(815301076,1909f56bfc062723c751e8b465ee728b)
Start importing Assets/Scenes/Menu.unity using Guid(e70a2e1e0edeee34880518f0cc52a1b1) Importer(815301076,1909f56bfc062723c751e8b465ee728b)  -> (artifact id: '8e5d088938e58b123bcb1afb0ec5610e') in 0.021241 seconds
  Import took 0.030932 seconds .

========================================================================
Received Import Request.
  Time since last request: 107.038687 seconds.
  path: Assets/Scripts/ShopItem.cs
  artifactKey: Guid(6b8953d2916eb2649b86a27ab9a7ae2c) Importer(815301076,1909f56bfc062723c751e8b465ee728b)
Start importing Assets/Scripts/ShopItem.cs using Guid(6b8953d2916eb2649b86a27ab9a7ae2c) Importer(815301076,1909f56bfc062723c751e8b465ee728b)  -> (artifact id: 'de8d5e67c89cf17f8b38f033c0068fe7') in 0.028386 seconds
  Import took 0.035891 seconds .

========================================================================
Received Prepare
Registering precompiled user dll's ...
Registered in 0.008405 seconds.
Begin MonoManager ReloadAssembly
Native extension for WindowsStandalone target not found
Native extension for WebGL target not found
Refreshing native plugins compatible for Editor in 0.99 ms, found 1 plugins.
Preloading 0 native plugins for Editor in 0.00 ms.
Invoked RoslynAnalysisRunner static constructor.
RoslynAnalysisRunner will not be running.
RoslynAnalysisRunner has terminated.
Mono: successfully reloaded assembly
- Completed reload, in  2.139 seconds
Platform modules already initialized, skipping
Refreshing native plugins compatible for Editor in 1.01 ms, found 1 plugins.
Preloading 0 native plugins for Editor in 0.00 ms.
Unloading 2218 Unused Serialized files (Serialized files now loaded: 0)
System memory in use before: 101.0 MB.
System memory in use after: 101.2 MB.

Unloading 15 unused Assets to reduce memory usage. Loaded Objects now: 2728.
Total: 4.749900 ms (FindLiveObjects: 0.673600 ms CreateObjectMapping: 0.169200 ms MarkObjects: 3.861300 ms  DeleteObjects: 0.042100 ms)

========================================================================
Received Import Request.
  Time since last request: 76.292424 seconds.
  path: Assets/Scripts/plantShop.cs
  artifactKey: Guid(142ecaed3abb9cd4e8eca52b3cbf644a) Importer(815301076,1909f56bfc062723c751e8b465ee728b)
Start importing Assets/Scripts/plantShop.cs using Guid(142ecaed3abb9cd4e8eca52b3cbf644a) Importer(815301076,1909f56bfc062723c751e8b465ee728b)  -> (artifact id: 'd4e8975da221bb35fe9588b9d795302a') in 0.020269 seconds
  Import took 0.028302 seconds .

========================================================================
Received Import Request.
  Time since last request: 45.469307 seconds.
  path: Assets/Scripts/plantIsDeadText.cs
  artifactKey: Guid(81dfd759ca2712047bfc9650993710a4) Importer(815301076,1909f56bfc062723c751e8b465ee728b)
Start importing Assets/Scripts/plantIsDeadText.cs using Guid(81dfd759ca2712047bfc9650993710a4) Importer(815301076,1909f56bfc062723c751e8b465ee728b)  -> (artifact id: '92ed93fb7b622ca0efaff37e3b808dd8') in 0.018871 seconds
  Import took 0.028813 seconds .

========================================================================
Received Prepare
Registering precompiled user dll's ...
Registered in 0.007984 seconds.
Begin MonoManager ReloadAssembly
Native extension for WindowsStandalone target not found
Native extension for WebGL target not found
Refreshing native plugins compatible for Editor in 0.94 ms, found 1 plugins.
Preloading 0 native plugins for Editor in 0.00 ms.
Invoked RoslynAnalysisRunner static constructor.
RoslynAnalysisRunner will not be running.
RoslynAnalysisRunner has terminated.
Mono: successfully reloaded assembly
- Completed reload, in  2.166 seconds
Platform modules already initialized, skipping
Refreshing native plugins compatible for Editor in 0.92 ms, found 1 plugins.
Preloading 0 native plugins for Editor in 0.00 ms.
Unloading 2218 Unused Serialized files (Serialized files now loaded: 0)
System memory in use before: 101.0 MB.
System memory in use after: 101.2 MB.

Unloading 15 unused Assets to reduce memory usage. Loaded Objects now: 2732.
Total: 4.659200 ms (FindLiveObjects: 0.425800 ms CreateObjectMapping: 0.166200 ms MarkObjects: 4.014000 ms  DeleteObjects: 0.050900 ms)

========================================================================
Received Import Request.
  Time since last request: 184.512830 seconds.
  path: Assets/Scenes/Plant Shop.unity
  artifactKey: Guid(4e2748acb9753004d9f904e0b8e9030c) Importer(815301076,1909f56bfc062723c751e8b465ee728b)
Start importing Assets/Scenes/Plant Shop.unity using Guid(4e2748acb9753004d9f904e0b8e9030c) Importer(815301076,1909f56bfc062723c751e8b465ee728b)  -> (artifact id: '799e07f128f3acdbf20d649171e79626') in 0.033640 seconds
  Import took 0.041314 seconds .

========================================================================
Received Prepare
Registering precompiled user dll's ...
Registered in 0.008331 seconds.
Begin MonoManager ReloadAssembly
Native extension for WindowsStandalone target not found
Native extension for WebGL target not found
Refreshing native plugins compatible for Editor in 1.00 ms, found 1 plugins.
Preloading 0 native plugins for Editor in 0.00 ms.
Invoked RoslynAnalysisRunner static constructor.
RoslynAnalysisRunner will not be running.
RoslynAnalysisRunner has terminated.
Mono: successfully reloaded assembly
- Completed reload, in  2.112 seconds
Platform modules already initialized, skipping
Refreshing native plugins compatible for Editor in 0.95 ms, found 1 plugins.
Preloading 0 native plugins for Editor in 0.00 ms.
Unloading 2218 Unused Serialized files (Serialized files now loaded: 0)
System memory in use before: 101.0 MB.
System memory in use after: 101.2 MB.

Unloading 15 unused Assets to reduce memory usage. Loaded Objects now: 2736.
Total: 4.676400 ms (FindLiveObjects: 0.463000 ms CreateObjectMapping: 0.174500 ms MarkObjects: 3.987100 ms  DeleteObjects: 0.049800 ms)

========================================================================
Received Import Request.
  Time since last request: 70.146524 seconds.
  path: Assets/Art/heart.png
  artifactKey: Guid(b4d221ed838814be99ec36d1f85a1fcc) Importer(815301076,1909f56bfc062723c751e8b465ee728b)
Start importing Assets/Art/heart.png using Guid(b4d221ed838814be99ec36d1f85a1fcc) Importer(815301076,1909f56bfc062723c751e8b465ee728b)  -> (artifact id: '96ced4d84a8906f74956dced18d14f35') in 0.217261 seconds
  Import took 0.226718 seconds .

========================================================================
Received Import Request.
  Time since last request: 0.000660 seconds.
  path: Assets/Art/plant3.png
  artifactKey: Guid(63896e4792e2a5144a9b3073550d6376) Importer(815301076,1909f56bfc062723c751e8b465ee728b)
Start importing Assets/Art/plant3.png using Guid(63896e4792e2a5144a9b3073550d6376) Importer(815301076,1909f56bfc062723c751e8b465ee728b)  -> (artifact id: 'dde34f71efe84b3451c50d33b66cded3') in 0.075359 seconds
  Import took 0.084157 seconds .

========================================================================
Received Import Request.
  Time since last request: 0.000704 seconds.
  path: Assets/Art/withered3.png
  artifactKey: Guid(8ab2b020244e18c439d31a8296d9c4c0) Importer(815301076,1909f56bfc062723c751e8b465ee728b)
Start importing Assets/Art/withered3.png using Guid(8ab2b020244e18c439d31a8296d9c4c0) Importer(815301076,1909f56bfc062723c751e8b465ee728b)  -> (artifact id: 'ba992786f31907613d1941b9515d3a02') in 0.071709 seconds
  Import took 0.081064 seconds .

========================================================================
Received Import Request.
  Time since last request: 0.000712 seconds.
  path: Assets/Art/sprout.png
  artifactKey: Guid(a731c804477ac504cbe7cc9c38e93863) Importer(815301076,1909f56bfc062723c751e8b465ee728b)
Start importing Assets/Art/sprout.png using Guid(a731c804477ac504cbe7cc9c38e93863) Importer(815301076,1909f56bfc062723c751e8b465ee728b)  -> (artifact id: '7edad27e26624ae1945fd70001d4e210') in 0.049602 seconds
  Import took 0.058868 seconds .

========================================================================
Received Import Request.
  Time since last request: 0.000669 seconds.
  path: Assets/Art/lock.png
  artifactKey: Guid(594ef866116ef824b857f8a7520a19af) Importer(815301076,1909f56bfc062723c751e8b465ee728b)
Start importing Assets/Art/lock.png using Guid(594ef866116ef824b857f8a7520a19af) Importer(815301076,1909f56bfc062723c751e8b465ee728b)  -> (artifact id: '20fee8ca98a34cebcfc87f43e13fe158') in 0.071682 seconds
  Import took 0.080525 seconds .

========================================================================
Received Import Request.
  Time since last request: 0.000696 seconds.
  path: Assets/Art/plant2.png
  artifactKey: Guid(3f3210e0558020540a138f6f076fe401) Importer(815301076,1909f56bfc062723c751e8b465ee728b)
Start importing Assets/Art/plant2.png using Guid(3f3210e0558020540a138f6f076fe401) Importer(815301076,1909f56bfc062723c751e8b465ee728b)  -> (artifact id: '56ed6bb7e6ddffcae62446befb3fc62a') in 0.069740 seconds
  Import took 0.078337 seconds .

========================================================================
Received Import Request.
  Time since last request: 0.000673 seconds.
  path: Assets/Art/withered4.png
  artifactKey: Guid(f23740a787ee07e498270248c681262a) Importer(815301076,1909f56bfc062723c751e8b465ee728b)
Start importing Assets/Art/withered4.png using Guid(f23740a787ee07e498270248c681262a) Importer(815301076,1909f56bfc062723c751e8b465ee728b)  -> (artifact id: '53f66cb1a186bdf57bf294004645b6e8') in 0.065325 seconds
  Import took 0.073640 seconds .

========================================================================
Received Import Request.
  Time since last request: 0.000566 seconds.
  path: Assets/Art/waterdrop.png
  artifactKey: Guid(9d57170d3a939ad4c8d2f78b0b45e48c) Importer(815301076,1909f56bfc062723c751e8b465ee728b)
Start importing Assets/Art/waterdrop.png using Guid(9d57170d3a939ad4c8d2f78b0b45e48c) Importer(815301076,1909f56bfc062723c751e8b465ee728b)  -> (artifact id: '13ff781728a980b667a5ba3a4805db8a') in 0.041141 seconds
  Import took 0.048734 seconds .

========================================================================
Received Import Request.
  Time since last request: 0.000590 seconds.
  path: Assets/Art/pixel.png
  artifactKey: Guid(56e6499153e1e480dbe8d24c4d85eee8) Importer(815301076,1909f56bfc062723c751e8b465ee728b)
Start importing Assets/Art/pixel.png using Guid(56e6499153e1e480dbe8d24c4d85eee8) Importer(815301076,1909f56bfc062723c751e8b465ee728b)  -> (artifact id: 'd49bccf591c46b6e62215dfc6df7b070') in 0.036443 seconds
  Import took 0.043879 seconds .

========================================================================
Received Import Request.
  Time since last request: 0.000602 seconds.
  path: Assets/Art/withered2.png
  artifactKey: Guid(867f7c5274ff63c41b15ae2828860f5e) Importer(815301076,1909f56bfc062723c751e8b465ee728b)
Start importing Assets/Art/withered2.png using Guid(867f7c5274ff63c41b15ae2828860f5e) Importer(815301076,1909f56bfc062723c751e8b465ee728b)  -> (artifact id: '7438b732ea592e370c7c3ca87c2cd5b4') in 0.066839 seconds
  Import took 0.074559 seconds .

========================================================================
Received Import Request.
  Time since last request: 0.000579 seconds.
  path: Assets/Art/withered1.png
  artifactKey: Guid(2761bebe1e89b694a9e1a9cc7854e67c) Importer(815301076,1909f56bfc062723c751e8b465ee728b)
Start importing Assets/Art/withered1.png using Guid(2761bebe1e89b694a9e1a9cc7854e67c) Importer(815301076,1909f56bfc062723c751e8b465ee728b)  -> (artifact id: 'ece790ce26022419d9eae9f0588297c1') in 0.054652 seconds
  Import took 0.062259 seconds .

========================================================================
Received Import Request.
  Time since last request: 0.000543 seconds.
  path: Assets/Art/plant4.png
  artifactKey: Guid(6505d553e2f39c648abda086f9eeabd1) Importer(815301076,1909f56bfc062723c751e8b465ee728b)
Start importing Assets/Art/plant4.png using Guid(6505d553e2f39c648abda086f9eeabd1) Importer(815301076,1909f56bfc062723c751e8b465ee728b)  -> (artifact id: 'bb6b9fdca2f501cb9207ae34b486c8db') in 0.060350 seconds
  Import took 0.067834 seconds .

========================================================================
Received Import Request.
  Time since last request: 0.000609 seconds.
  path: Assets/Art/plant1.png
  artifactKey: Guid(75fa15c5609fbba49a62e557591ecb92) Importer(815301076,1909f56bfc062723c751e8b465ee728b)
Start importing Assets/Art/plant1.png using Guid(75fa15c5609fbba49a62e557591ecb92) Importer(815301076,1909f56bfc062723c751e8b465ee728b)  -> (artifact id: 'b57c7be3dd272030458b7b37358035e2') in 0.056236 seconds
  Import took 0.063871 seconds .

========================================================================
Received Prepare
Registering precompiled user dll's ...
Registered in 0.009395 seconds.
Begin MonoManager ReloadAssembly
Native extension for WindowsStandalone target not found
Native extension for WebGL target not found
Refreshing native plugins compatible for Editor in 0.97 ms, found 1 plugins.
Preloading 0 native plugins for Editor in 0.00 ms.
Invoked RoslynAnalysisRunner static constructor.
RoslynAnalysisRunner will not be running.
RoslynAnalysisRunner has terminated.
Mono: successfully reloaded assembly
- Completed reload, in  2.103 seconds
Platform modules already initialized, skipping
Refreshing native plugins compatible for Editor in 1.03 ms, found 1 plugins.
Preloading 0 native plugins for Editor in 0.00 ms.
Unloading 2218 Unused Serialized files (Serialized files now loaded: 0)
System memory in use before: 101.3 MB.
System memory in use after: 101.5 MB.

Unloading 15 unused Assets to reduce memory usage. Loaded Objects now: 2753.
Total: 4.701300 ms (FindLiveObjects: 0.433700 ms CreateObjectMapping: 0.191300 ms MarkObjects: 4.028600 ms  DeleteObjects: 0.044800 ms)

========================================================================
Received Prepare
Registering precompiled user dll's ...
Registered in 0.008427 seconds.
Begin MonoManager ReloadAssembly
Native extension for WindowsStandalone target not found
Native extension for WebGL target not found
Refreshing native plugins compatible for Editor in 0.96 ms, found 1 plugins.
Preloading 0 native plugins for Editor in 0.00 ms.
Invoked RoslynAnalysisRunner static constructor.
RoslynAnalysisRunner will not be running.
RoslynAnalysisRunner has terminated.
Mono: successfully reloaded assembly
- Completed reload, in  2.145 seconds
Platform modules already initialized, skipping
Refreshing native plugins compatible for Editor in 0.94 ms, found 1 plugins.
Preloading 0 native plugins for Editor in 0.00 ms.
Unloading 2218 Unused Serialized files (Serialized files now loaded: 0)
System memory in use before: 101.3 MB.
System memory in use after: 101.5 MB.

Unloading 15 unused Assets to reduce memory usage. Loaded Objects now: 2757.
Total: 4.579800 ms (FindLiveObjects: 0.435500 ms CreateObjectMapping: 0.163100 ms MarkObjects: 3.937200 ms  DeleteObjects: 0.041900 ms)

========================================================================
Received Prepare
Registering precompiled user dll's ...
Registered in 0.008275 seconds.
Begin MonoManager ReloadAssembly
Native extension for WindowsStandalone target not found
Native extension for WebGL target not found
Refreshing native plugins compatible for Editor in 0.97 ms, found 1 plugins.
Preloading 0 native plugins for Editor in 0.00 ms.
Invoked RoslynAnalysisRunner static constructor.
RoslynAnalysisRunner will not be running.
RoslynAnalysisRunner has terminated.
Mono: successfully reloaded assembly
- Completed reload, in  2.107 seconds
Platform modules already initialized, skipping
Refreshing native plugins compatible for Editor in 0.95 ms, found 1 plugins.
Preloading 0 native plugins for Editor in 0.00 ms.
Unloading 2218 Unused Serialized files (Serialized files now loaded: 0)
System memory in use before: 101.3 MB.
System memory in use after: 101.5 MB.

Unloading 15 unused Assets to reduce memory usage. Loaded Objects now: 2761.
Total: 4.785300 ms (FindLiveObjects: 0.598600 ms CreateObjectMapping: 0.183500 ms MarkObjects: 3.955000 ms  DeleteObjects: 0.045800 ms)

========================================================================
Received Import Request.
  Time since last request: 214.816337 seconds.
  path: Assets/Prefabs/ShopObj.prefab
  artifactKey: Guid(cde0ddcd1cf39b0458a52e2a3bb16104) Importer(815301076,1909f56bfc062723c751e8b465ee728b)
Start importing Assets/Prefabs/ShopObj.prefab using Guid(cde0ddcd1cf39b0458a52e2a3bb16104) Importer(815301076,1909f56bfc062723c751e8b465ee728b)  -> (artifact id: 'e9a40f620315f5d25b305e04415a86b6') in 0.179665 seconds
  Import took 0.188807 seconds .

========================================================================
Received Import Request.
  Time since last request: 0.000555 seconds.
  path: Assets/Prefabs/Text 1.prefab
  artifactKey: Guid(6a077387f9a0946978459df4102019fb) Importer(815301076,1909f56bfc062723c751e8b465ee728b)
Start importing Assets/Prefabs/Text 1.prefab using Guid(6a077387f9a0946978459df4102019fb) Importer(815301076,1909f56bfc062723c751e8b465ee728b)  -> (artifact id: 'edcbd9d354f6cd46190c171a7e7a9b81') in 0.056899 seconds
  Import took 0.064619 seconds .

========================================================================
Received Prepare
Registering precompiled user dll's ...
Registered in 0.008768 seconds.
Begin MonoManager ReloadAssembly
Native extension for WindowsStandalone target not found
Native extension for WebGL target not found
Refreshing native plugins compatible for Editor in 0.95 ms, found 1 plugins.
Preloading 0 native plugins for Editor in 0.00 ms.
Invoked RoslynAnalysisRunner static constructor.
RoslynAnalysisRunner will not be running.
RoslynAnalysisRunner has terminated.
Mono: successfully reloaded assembly
- Completed reload, in  2.072 seconds
Platform modules already initialized, skipping
Refreshing native plugins compatible for Editor in 0.93 ms, found 1 plugins.
Preloading 0 native plugins for Editor in 0.00 ms.
Unloading 2218 Unused Serialized files (Serialized files now loaded: 0)
System memory in use before: 101.3 MB.
System memory in use after: 101.5 MB.

Unloading 16 unused Assets to reduce memory usage. Loaded Objects now: 2765.
Total: 4.797400 ms (FindLiveObjects: 0.486200 ms CreateObjectMapping: 0.208400 ms MarkObjects: 4.024600 ms  DeleteObjects: 0.075700 ms)

========================================================================
Received Import Request.
  Time since last request: 243.922725 seconds.
  path: Assets/Scripts/plantShop.cs
  artifactKey: Guid(142ecaed3abb9cd4e8eca52b3cbf644a) Importer(815301076,1909f56bfc062723c751e8b465ee728b)
Start importing Assets/Scripts/plantShop.cs using Guid(142ecaed3abb9cd4e8eca52b3cbf644a) Importer(815301076,1909f56bfc062723c751e8b465ee728b)  -> (artifact id: 'e3d51d488eb22d32bdc740ef13cee90f') in 0.016338 seconds
  Import took 0.025504 seconds .

========================================================================
Received Import Request.
  Time since last request: 0.437011 seconds.
  path: Assets/Scripts/ReturnToGame.cs
  artifactKey: Guid(cecc992dfed585e47b7ee20fc9d45390) Importer(815301076,1909f56bfc062723c751e8b465ee728b)
Start importing Assets/Scripts/ReturnToGame.cs using Guid(cecc992dfed585e47b7ee20fc9d45390) Importer(815301076,1909f56bfc062723c751e8b465ee728b)  -> (artifact id: '4dca901976d4b39c04065aae0d79a783') in 0.015568 seconds
  Import took 0.023041 seconds .

========================================================================
Received Import Request.
  Time since last request: 0.011070 seconds.
  path: Assets/Scripts/ReturnToGame.cs
  artifactKey: Guid(cecc992dfed585e47b7ee20fc9d45390) Importer(815301076,1909f56bfc062723c751e8b465ee728b)
Start importing Assets/Scripts/ReturnToGame.cs using Guid(cecc992dfed585e47b7ee20fc9d45390) Importer(815301076,1909f56bfc062723c751e8b465ee728b)  -> (artifact id: '4dca901976d4b39c04065aae0d79a783') in 0.007156 seconds
  Import took 0.014682 seconds .

========================================================================
Received Prepare
Registering precompiled user dll's ...
Registered in 0.008885 seconds.
Begin MonoManager ReloadAssembly
Native extension for WindowsStandalone target not found
Native extension for WebGL target not found
Refreshing native plugins compatible for Editor in 0.97 ms, found 1 plugins.
Preloading 0 native plugins for Editor in 0.00 ms.
Invoked RoslynAnalysisRunner static constructor.
RoslynAnalysisRunner will not be running.
RoslynAnalysisRunner has terminated.
Mono: successfully reloaded assembly
- Completed reload, in  2.097 seconds
Platform modules already initialized, skipping
Refreshing native plugins compatible for Editor in 0.97 ms, found 1 plugins.
Preloading 0 native plugins for Editor in 0.00 ms.
Unloading 2218 Unused Serialized files (Serialized files now loaded: 0)
System memory in use before: 101.3 MB.
System memory in use after: 101.5 MB.

Unloading 15 unused Assets to reduce memory usage. Loaded Objects now: 2769.
Total: 4.695100 ms (FindLiveObjects: 0.467500 ms CreateObjectMapping: 0.194900 ms MarkObjects: 3.975000 ms  DeleteObjects: 0.055100 ms)

========================================================================
Received Import Request.
  Time since last request: 155.585106 seconds.
  path: Assets/Scripts/ReturnToMenu.cs
  artifactKey: Guid(f2b287eecb76fec4897f792ac0f80d06) Importer(815301076,1909f56bfc062723c751e8b465ee728b)
Start importing Assets/Scripts/ReturnToMenu.cs using Guid(f2b287eecb76fec4897f792ac0f80d06) Importer(815301076,1909f56bfc062723c751e8b465ee728b)  -> (artifact id: '79a21bb7613b52a6b4b90d186fd59aff') in 0.021078 seconds
  Import took 0.028842 seconds .

========================================================================
Received Prepare
Registering precompiled user dll's ...
Registered in 0.009308 seconds.
Begin MonoManager ReloadAssembly
Native extension for WindowsStandalone target not found
Native extension for WebGL target not found
Refreshing native plugins compatible for Editor in 0.98 ms, found 1 plugins.
Preloading 0 native plugins for Editor in 0.00 ms.
Invoked RoslynAnalysisRunner static constructor.
RoslynAnalysisRunner will not be running.
RoslynAnalysisRunner has terminated.
Mono: successfully reloaded assembly
- Completed reload, in  2.072 seconds
Platform modules already initialized, skipping
Refreshing native plugins compatible for Editor in 1.01 ms, found 1 plugins.
Preloading 0 native plugins for Editor in 0.00 ms.
Unloading 2218 Unused Serialized files (Serialized files now loaded: 0)
System memory in use before: 101.3 MB.
System memory in use after: 101.5 MB.

Unloading 15 unused Assets to reduce memory usage. Loaded Objects now: 2773.
Total: 5.343200 ms (FindLiveObjects: 0.565900 ms CreateObjectMapping: 0.193000 ms MarkObjects: 4.531700 ms  DeleteObjects: 0.049400 ms)

========================================================================
Received Prepare
Registering precompiled user dll's ...
Registered in 0.007832 seconds.
Begin MonoManager ReloadAssembly
Native extension for WindowsStandalone target not found
Native extension for WebGL target not found
Refreshing native plugins compatible for Editor in 0.92 ms, found 1 plugins.
Preloading 0 native plugins for Editor in 0.00 ms.
Invoked RoslynAnalysisRunner static constructor.
RoslynAnalysisRunner will not be running.
RoslynAnalysisRunner has terminated.
Mono: successfully reloaded assembly
- Completed reload, in  2.059 seconds
Platform modules already initialized, skipping
Refreshing native plugins compatible for Editor in 0.98 ms, found 1 plugins.
Preloading 0 native plugins for Editor in 0.00 ms.
Unloading 2218 Unused Serialized files (Serialized files now loaded: 0)
System memory in use before: 101.3 MB.
System memory in use after: 101.6 MB.

Unloading 15 unused Assets to reduce memory usage. Loaded Objects now: 2777.
Total: 5.143400 ms (FindLiveObjects: 0.865700 ms CreateObjectMapping: 0.238100 ms MarkObjects: 3.991100 ms  DeleteObjects: 0.045200 ms)

========================================================================
Received Prepare
Registering precompiled user dll's ...
Registered in 0.009137 seconds.
Begin MonoManager ReloadAssembly
Native extension for WindowsStandalone target not found
Native extension for WebGL target not found
Refreshing native plugins compatible for Editor in 1.13 ms, found 1 plugins.
Preloading 0 native plugins for Editor in 0.00 ms.
Invoked RoslynAnalysisRunner static constructor.
RoslynAnalysisRunner will not be running.
RoslynAnalysisRunner has terminated.
Mono: successfully reloaded assembly
- Completed reload, in  2.076 seconds
Platform modules already initialized, skipping
Refreshing native plugins compatible for Editor in 0.94 ms, found 1 plugins.
Preloading 0 native plugins for Editor in 0.00 ms.
Unloading 2218 Unused Serialized files (Serialized files now loaded: 0)
System memory in use before: 101.3 MB.
System memory in use after: 101.6 MB.

Unloading 15 unused Assets to reduce memory usage. Loaded Objects now: 2781.
Total: 4.533800 ms (FindLiveObjects: 0.445600 ms CreateObjectMapping: 0.191900 ms MarkObjects: 3.852000 ms  DeleteObjects: 0.042000 ms)

========================================================================
Received Prepare
Registering precompiled user dll's ...
Registered in 0.008001 seconds.
Begin MonoManager ReloadAssembly
Native extension for WindowsStandalone target not found
Native extension for WebGL target not found
Refreshing native plugins compatible for Editor in 0.96 ms, found 1 plugins.
Preloading 0 native plugins for Editor in 0.00 ms.
Invoked RoslynAnalysisRunner static constructor.
RoslynAnalysisRunner will not be running.
RoslynAnalysisRunner has terminated.
Mono: successfully reloaded assembly
- Completed reload, in  2.216 seconds
Platform modules already initialized, skipping
Refreshing native plugins compatible for Editor in 0.94 ms, found 1 plugins.
Preloading 0 native plugins for Editor in 0.00 ms.
Unloading 2218 Unused Serialized files (Serialized files now loaded: 0)
System memory in use before: 101.4 MB.
System memory in use after: 101.6 MB.

Unloading 15 unused Assets to reduce memory usage. Loaded Objects now: 2785.
Total: 5.056600 ms (FindLiveObjects: 0.455000 ms CreateObjectMapping: 0.194900 ms MarkObjects: 4.358200 ms  DeleteObjects: 0.046100 ms)

========================================================================
Received Prepare
Registering precompiled user dll's ...
Registered in 0.008342 seconds.
Begin MonoManager ReloadAssembly
Native extension for WindowsStandalone target not found
Native extension for WebGL target not found
Refreshing native plugins compatible for Editor in 0.99 ms, found 1 plugins.
Preloading 0 native plugins for Editor in 0.00 ms.
Invoked RoslynAnalysisRunner static constructor.
RoslynAnalysisRunner will not be running.
RoslynAnalysisRunner has terminated.
Mono: successfully reloaded assembly
- Completed reload, in  2.200 seconds
Platform modules already initialized, skipping
Refreshing native plugins compatible for Editor in 0.92 ms, found 1 plugins.
Preloading 0 native plugins for Editor in 0.00 ms.
Unloading 2218 Unused Serialized files (Serialized files now loaded: 0)
System memory in use before: 101.4 MB.
System memory in use after: 101.6 MB.

Unloading 15 unused Assets to reduce memory usage. Loaded Objects now: 2789.
Total: 4.465400 ms (FindLiveObjects: 0.430300 ms CreateObjectMapping: 0.168700 ms MarkObjects: 3.823200 ms  DeleteObjects: 0.041600 ms)

========================================================================
Received Prepare
Registering precompiled user dll's ...
Registered in 0.002973 seconds.
Begin MonoManager ReloadAssembly
Native extension for WindowsStandalone target not found
Native extension for WebGL target not found
Refreshing native plugins compatible for Editor in 0.97 ms, found 1 plugins.
Preloading 0 native plugins for Editor in 0.00 ms.
Invoked RoslynAnalysisRunner static constructor.
RoslynAnalysisRunner will not be running.
RoslynAnalysisRunner has terminated.
Mono: successfully reloaded assembly
- Completed reload, in  2.046 seconds
Platform modules already initialized, skipping
Refreshing native plugins compatible for Editor in 0.93 ms, found 1 plugins.
Preloading 0 native plugins for Editor in 0.00 ms.
Unloading 2218 Unused Serialized files (Serialized files now loaded: 0)
System memory in use before: 101.5 MB.
System memory in use after: 101.7 MB.

Unloading 15 unused Assets to reduce memory usage. Loaded Objects now: 2793.
Total: 4.626300 ms (FindLiveObjects: 0.450000 ms CreateObjectMapping: 0.174900 ms MarkObjects: 3.951900 ms  DeleteObjects: 0.047500 ms)

========================================================================
Received Prepare
Registering precompiled user dll's ...
Registered in 0.008259 seconds.
Begin MonoManager ReloadAssembly
Native extension for WindowsStandalone target not found
Native extension for WebGL target not found
Refreshing native plugins compatible for Editor in 0.87 ms, found 1 plugins.
Preloading 0 native plugins for Editor in 0.00 ms.
Invoked RoslynAnalysisRunner static constructor.
RoslynAnalysisRunner will not be running.
RoslynAnalysisRunner has terminated.
Mono: successfully reloaded assembly
- Completed reload, in  2.041 seconds
Platform modules already initialized, skipping
Refreshing native plugins compatible for Editor in 0.93 ms, found 1 plugins.
Preloading 0 native plugins for Editor in 0.00 ms.
Unloading 2218 Unused Serialized files (Serialized files now loaded: 0)
System memory in use before: 101.5 MB.
System memory in use after: 101.7 MB.

Unloading 15 unused Assets to reduce memory usage. Loaded Objects now: 2797.
Total: 4.496300 ms (FindLiveObjects: 0.435300 ms CreateObjectMapping: 0.172500 ms MarkObjects: 3.843800 ms  DeleteObjects: 0.042700 ms)

========================================================================
Received Prepare
Registering precompiled user dll's ...
Registered in 0.008747 seconds.
Begin MonoManager ReloadAssembly
Native extension for WindowsStandalone target not found
Native extension for WebGL target not found
Refreshing native plugins compatible for Editor in 0.97 ms, found 1 plugins.
Preloading 0 native plugins for Editor in 0.00 ms.
Invoked RoslynAnalysisRunner static constructor.
RoslynAnalysisRunner will not be running.
RoslynAnalysisRunner has terminated.
Mono: successfully reloaded assembly
- Completed reload, in  2.162 seconds
Platform modules already initialized, skipping
Refreshing native plugins compatible for Editor in 0.94 ms, found 1 plugins.
Preloading 0 native plugins for Editor in 0.00 ms.
Unloading 2218 Unused Serialized files (Serialized files now loaded: 0)
System memory in use before: 101.5 MB.
System memory in use after: 101.7 MB.

Unloading 15 unused Assets to reduce memory usage. Loaded Objects now: 2801.
Total: 4.519300 ms (FindLiveObjects: 0.472500 ms CreateObjectMapping: 0.167600 ms MarkObjects: 3.834100 ms  DeleteObjects: 0.042900 ms)

========================================================================
Received Prepare
Registering precompiled user dll's ...
Registered in 0.008143 seconds.
Begin MonoManager ReloadAssembly
Native extension for WindowsStandalone target not found
Native extension for WebGL target not found
Refreshing native plugins compatible for Editor in 0.93 ms, found 1 plugins.
Preloading 0 native plugins for Editor in 0.00 ms.
Invoked RoslynAnalysisRunner static constructor.
RoslynAnalysisRunner will not be running.
RoslynAnalysisRunner has terminated.
Mono: successfully reloaded assembly
- Completed reload, in  2.158 seconds
Platform modules already initialized, skipping
Refreshing native plugins compatible for Editor in 1.00 ms, found 1 plugins.
Preloading 0 native plugins for Editor in 0.00 ms.
Unloading 2218 Unused Serialized files (Serialized files now loaded: 0)
System memory in use before: 101.5 MB.
System memory in use after: 101.7 MB.

Unloading 15 unused Assets to reduce memory usage. Loaded Objects now: 2805.
Total: 4.629900 ms (FindLiveObjects: 0.445600 ms CreateObjectMapping: 0.181600 ms MarkObjects: 3.956400 ms  DeleteObjects: 0.043400 ms)

========================================================================
Received Prepare
Registering precompiled user dll's ...
Registered in 0.008254 seconds.
Begin MonoManager ReloadAssembly
Native extension for WindowsStandalone target not found
Native extension for WebGL target not found
Refreshing native plugins compatible for Editor in 0.98 ms, found 1 plugins.
Preloading 0 native plugins for Editor in 0.00 ms.
Invoked RoslynAnalysisRunner static constructor.
RoslynAnalysisRunner will not be running.
RoslynAnalysisRunner has terminated.
Mono: successfully reloaded assembly
- Completed reload, in  2.203 seconds
Platform modules already initialized, skipping
Refreshing native plugins compatible for Editor in 0.95 ms, found 1 plugins.
Preloading 0 native plugins for Editor in 0.00 ms.
Unloading 2218 Unused Serialized files (Serialized files now loaded: 0)
System memory in use before: 101.4 MB.
System memory in use after: 101.6 MB.

Unloading 15 unused Assets to reduce memory usage. Loaded Objects now: 2809.
Total: 4.861500 ms (FindLiveObjects: 0.480200 ms CreateObjectMapping: 0.246700 ms MarkObjects: 4.088400 ms  DeleteObjects: 0.043400 ms)

========================================================================
Received Prepare
Registering precompiled user dll's ...
Registered in 0.008380 seconds.
Begin MonoManager ReloadAssembly
Native extension for WindowsStandalone target not found
Native extension for WebGL target not found
Refreshing native plugins compatible for Editor in 0.95 ms, found 1 plugins.
Preloading 0 native plugins for Editor in 0.00 ms.
Invoked RoslynAnalysisRunner static constructor.
RoslynAnalysisRunner will not be running.
RoslynAnalysisRunner has terminated.
Mono: successfully reloaded assembly
- Completed reload, in  2.105 seconds
Platform modules already initialized, skipping
Refreshing native plugins compatible for Editor in 0.93 ms, found 1 plugins.
Preloading 0 native plugins for Editor in 0.00 ms.
Unloading 2218 Unused Serialized files (Serialized files now loaded: 0)
System memory in use before: 101.5 MB.
System memory in use after: 101.7 MB.

Unloading 15 unused Assets to reduce memory usage. Loaded Objects now: 2813.
Total: 4.617100 ms (FindLiveObjects: 0.470000 ms CreateObjectMapping: 0.204500 ms MarkObjects: 3.895700 ms  DeleteObjects: 0.043400 ms)

========================================================================
Received Prepare
Registering precompiled user dll's ...
Registered in 0.008215 seconds.
Begin MonoManager ReloadAssembly
Native extension for WindowsStandalone target not found
Native extension for WebGL target not found
Refreshing native plugins compatible for Editor in 0.99 ms, found 1 plugins.
Preloading 0 native plugins for Editor in 0.00 ms.
Invoked RoslynAnalysisRunner static constructor.
RoslynAnalysisRunner will not be running.
RoslynAnalysisRunner has terminated.
Mono: successfully reloaded assembly
- Completed reload, in  2.137 seconds
Platform modules already initialized, skipping
Refreshing native plugins compatible for Editor in 0.98 ms, found 1 plugins.
Preloading 0 native plugins for Editor in 0.00 ms.
Unloading 2218 Unused Serialized files (Serialized files now loaded: 0)
System memory in use before: 101.5 MB.
System memory in use after: 101.7 MB.

Unloading 15 unused Assets to reduce memory usage. Loaded Objects now: 2817.
Total: 4.881700 ms (FindLiveObjects: 0.462200 ms CreateObjectMapping: 0.184400 ms MarkObjects: 4.189700 ms  DeleteObjects: 0.043300 ms)

